# JRE version: OpenJDK Runtime Environment Microsoft-12574223 (25.0.1+8) (build 25.0.1+8-LTS)
# Java VM: OpenJDK 64-Bit Server VM Microsoft-12574223 (25.0.1+8-LTS, mixed mode, tiered, compressed oops, compressed class ptrs, g1 gc, windows-amd64)
GC Precious Log:
 CardTable entry size: 512
 Card Set container configuration: InlinePtr #cards 4 size 8 Array Of Cards #cards 16 size 48 Howl #buckets 8 coarsen threshold 3686 Howl Bitmap #cards 512 size 80 coarsen threshold 460 Card regions per heap region 1 cards per card region 4096
 CPUs: 12 total, 12 available
 Memory: 32663M
 Large Page Support: Disabled
 NUMA Support: Disabled
 Compressed Oops: Enabled (Zero based)
 Heap Region Size: 2M
 Heap Min Capacity: 8M
 Heap Initial Capacity: 512M
 Heap Max Capacity: 3G
 Pre-touch: Disabled
 Parallel Workers: 10
 Concurrent Workers: 3
 Concurrent Refinement Workers: 10
 Periodic GC: Disabled
 G1 Time-Based Heap Sizing enabled (uncommit-only)
 Evaluation Interval: 60s, Uncommit Delay: 300s, Min Regions To Uncommit: 10
Heap:
 garbage-first heap   total reserved 3145728K, committed 233472K, used 158700K [0x0000000740000000, 0x0000000800000000)
  region size 2048K, 11 young (22528K), 4 survivors (8192K)
GC Heap Usage History (20 events):
Event: 6.658 {heap Before GC invocations=14 (full 0):
 garbage-first heap   total reserved 3145728K, committed 143360K, used 129945K [0x0000000740000000, 0x0000000800000000)
  region size 2048K, 42 young (86016K), 6 survivors (12288K)
}
Event: 6.667 {heap After GC invocations=15 (full 0):
 garbage-first heap   total reserved 3145728K, committed 153600K, used 59878K [0x0000000740000000, 0x0000000800000000)
  region size 2048K, 6 young (12288K), 6 survivors (12288K)
}
Event: 7.233 {heap Before GC invocations=15 (full 0):
 garbage-first heap   total reserved 3145728K, committed 153600K, used 133606K [0x0000000740000000, 0x0000000800000000)
  region size 2048K, 42 young (86016K), 6 survivors (12288K)
}
Event: 7.241 {heap After GC invocations=16 (full 0):
 garbage-first heap   total reserved 3145728K, committed 155648K, used 67562K [0x0000000740000000, 0x0000000800000000)
  region size 2048K, 6 young (12288K), 6 survivors (12288K)
}
Event: 7.906 {heap Before GC invocations=16 (full 0):
 garbage-first heap   total reserved 3145728K, committed 155648K, used 135146K [0x0000000740000000, 0x0000000800000000)
  region size 2048K, 39 young (79872K), 6 survivors (12288K)
}
Event: 7.915 {heap After GC invocations=17 (full 0):
 garbage-first heap   total reserved 3145728K, committed 157696K, used 76284K [0x0000000740000000, 0x0000000800000000)
  region size 2048K, 4 young (8192K), 4 survivors (8192K)
}
Event: 9.314 {heap Before GC invocations=17 (full 0):
 garbage-first heap   total reserved 3145728K, committed 157696K, used 135676K [0x0000000740000000, 0x0000000800000000)
  region size 2048K, 34 young (69632K), 4 survivors (8192K)
}
Event: 9.319 {heap After GC invocations=18 (full 0):
 garbage-first heap   total reserved 3145728K, committed 190464K, used 82018K [0x0000000740000000, 0x0000000800000000)
  region size 2048K, 3 young (6144K), 3 survivors (6144K)
}
Event: 10.433 {heap Before GC invocations=18 (full 0):
 garbage-first heap   total reserved 3145728K, committed 190464K, used 163938K [0x0000000740000000, 0x0000000800000000)
  region size 2048K, 44 young (90112K), 3 survivors (6144K)
}
Event: 10.440 {heap After GC invocations=19 (full 0):
 garbage-first heap   total reserved 3145728K, committed 190464K, used 94888K [0x0000000740000000, 0x0000000800000000)
  region size 2048K, 6 young (12288K), 6 survivors (12288K)
}
Event: 10.822 {heap Before GC invocations=19 (full 0):
 garbage-first heap   total reserved 3145728K, committed 190464K, used 164520K [0x0000000740000000, 0x0000000800000000)
  region size 2048K, 40 young (81920K), 6 survivors (12288K)
}
Event: 10.830 {heap After GC invocations=20 (full 0):
 garbage-first heap   total reserved 3145728K, committed 190464K, used 100037K [0x0000000740000000, 0x0000000800000000)
  region size 2048K, 2 young (4096K), 2 survivors (4096K)
}
Event: 11.171 {heap Before GC invocations=20 (full 0):
 garbage-first heap   total reserved 3145728K, committed 190464K, used 167621K [0x0000000740000000, 0x0000000800000000)
  region size 2048K, 35 young (71680K), 2 survivors (4096K)
}
Event: 11.177 {heap After GC invocations=21 (full 0):
 garbage-first heap   total reserved 3145728K, committed 190464K, used 106825K [0x0000000740000000, 0x0000000800000000)
  region size 2048K, 5 young (10240K), 5 survivors (10240K)
}
Event: 11.657 {heap Before GC invocations=22 (full 0):
 garbage-first heap   total reserved 3145728K, committed 190464K, used 170313K [0x0000000740000000, 0x0000000800000000)
  region size 2048K, 35 young (71680K), 5 survivors (10240K)
}
Event: 11.664 {heap After GC invocations=23 (full 0):
 garbage-first heap   total reserved 3145728K, committed 190464K, used 109856K [0x0000000740000000, 0x0000000800000000)
  region size 2048K, 3 young (6144K), 3 survivors (6144K)
}
Event: 11.988 {heap Before GC invocations=23 (full 0):
 garbage-first heap   total reserved 3145728K, committed 190464K, used 171296K [0x0000000740000000, 0x0000000800000000)
  region size 2048K, 32 young (65536K), 3 survivors (6144K)
}
Event: 12.001 {heap After GC invocations=24 (full 0):
 garbage-first heap   total reserved 3145728K, committed 194560K, used 120693K [0x0000000740000000, 0x0000000800000000)
  region size 2048K, 4 young (8192K), 4 survivors (8192K)
}
Event: 12.238 {heap Before GC invocations=24 (full 0):
 garbage-first heap   total reserved 3145728K, committed 194560K, used 169845K [0x0000000740000000, 0x0000000800000000)
  region size 2048K, 29 young (59392K), 4 survivors (8192K)
}
Event: 12.256 {heap After GC invocations=25 (full 0):
 garbage-first heap   total reserved 3145728K, committed 198656K, used 138220K [0x0000000740000000, 0x0000000800000000)
  region size 2048K, 4 young (8192K), 4 survivors (8192K)
}

